<?xml version="1.0" encoding="UTF-8"?>
<robot generator="Robot 3.1.2 (Python 3.7.3 on win32)" generated="20190613 15:40:08.458" rpa="false">
<suite id="s1" name="Python Web" source="D:\workspace\python_web">
<suite id="s1-s1" name="TestCase" source="D:\workspace\python_web\TestCase">
<suite id="s1-s1-s1" name="TestLogin" source="D:\workspace\python_web\TestCase\TestLogin.robot">
<test id="s1-s1-s1-t1" name="用例2-登录失败-账号为空">
<kw name="open browser" library="setup-teardown" type="setup">
<kw name="Open Browser" library="SeleniumLibrary">
<doc>Opens a new browser instance to the given ``url``.</doc>
<arguments>
<arg>http://120.78.128.25:8765/Index/login.html</arg>
<arg>googlechrome</arg>
</arguments>
<msg timestamp="20190613 15:40:08.702" level="INFO">Opening browser 'googlechrome' to base url 'http://120.78.128.25:8765/Index/login.html'.</msg>
<status status="PASS" starttime="20190613 15:40:08.702" endtime="20190613 15:40:18.145"></status>
</kw>
<kw name="Maximize Browser Window" library="SeleniumLibrary">
<doc>Maximizes current browser window.</doc>
<status status="PASS" starttime="20190613 15:40:18.146" endtime="20190613 15:40:19.280"></status>
</kw>
<status status="PASS" starttime="20190613 15:40:08.701" endtime="20190613 15:40:19.281"></status>
</kw>
<kw name="login" library="login_page">
<arguments>
<arg>${EMPTY}</arg>
<arg>${null_data[0]["password"]}</arg>
</arguments>
<kw name="Wait Until Element Is Visible" library="SeleniumLibrary">
<doc>Waits until element ``locator`` is visible.</doc>
<arguments>
<arg>${name}</arg>
<arg>20</arg>
</arguments>
<status status="PASS" starttime="20190613 15:40:19.283" endtime="20190613 15:40:19.314"></status>
</kw>
<kw name="Input Text" library="SeleniumLibrary">
<doc>Types the given ``text`` into text field identified by ``locator``.</doc>
<arguments>
<arg>${name}</arg>
<arg>${username}</arg>
</arguments>
<msg timestamp="20190613 15:40:19.315" level="INFO">Typing text '' into text field 'xpath=//input[@name="phone"]'.</msg>
<status status="PASS" starttime="20190613 15:40:19.314" endtime="20190613 15:40:19.381"></status>
</kw>
<kw name="Input Text" library="SeleniumLibrary">
<doc>Types the given ``text`` into text field identified by ``locator``.</doc>
<arguments>
<arg>${pwd}</arg>
<arg>${password}</arg>
</arguments>
<msg timestamp="20190613 15:40:19.383" level="INFO">Typing text 'python' into text field 'xpath=//input[@name="password"]'.</msg>
<status status="PASS" starttime="20190613 15:40:19.382" endtime="20190613 15:40:19.547"></status>
</kw>
<kw name="Click Button" library="SeleniumLibrary">
<doc>Clicks button identified by ``locator``.</doc>
<arguments>
<arg>${button}</arg>
</arguments>
<msg timestamp="20190613 15:40:19.548" level="INFO">Clicking button 'tag:button'.</msg>
<status status="PASS" starttime="20190613 15:40:19.547" endtime="20190613 15:40:19.681"></status>
</kw>
<status status="PASS" starttime="20190613 15:40:19.282" endtime="20190613 15:40:19.682"></status>
</kw>
<kw name="tabel-message" library="login_page">
<assign>
<var>${result}</var>
</assign>
<kw name="Wait Until Page Contains Element" library="SeleniumLibrary">
<doc>Waits until element ``locator`` appears on current page.</doc>
<arguments>
<arg>${message-table}</arg>
<arg>20</arg>
</arguments>
<status status="PASS" starttime="20190613 15:40:19.683" endtime="20190613 15:40:19.701"></status>
</kw>
<kw name="Get Text" library="SeleniumLibrary">
<doc>Returns the text value of element identified by ``locator``.</doc>
<arguments>
<arg>${message-table}</arg>
</arguments>
<assign>
<var>${text}</var>
</assign>
<msg timestamp="20190613 15:40:19.733" level="INFO">${text} = 请输入手机号</msg>
<status status="PASS" starttime="20190613 15:40:19.702" endtime="20190613 15:40:19.734"></status>
</kw>
<msg timestamp="20190613 15:40:19.735" level="INFO">${result} = 请输入手机号</msg>
<status status="PASS" starttime="20190613 15:40:19.682" endtime="20190613 15:40:19.735"></status>
</kw>
<kw name="check-result" library="login_page">
<arguments>
<arg>${result}</arg>
<arg>${null_data[0]["excepted"]}</arg>
</arguments>
<kw name="Should Be Equal" library="BuiltIn">
<doc>Fails if the given objects are unequal.</doc>
<arguments>
<arg>${Actual}</arg>
<arg>${excepted}</arg>
</arguments>
<status status="PASS" starttime="20190613 15:40:19.736" endtime="20190613 15:40:19.737"></status>
</kw>
<status status="PASS" starttime="20190613 15:40:19.736" endtime="20190613 15:40:19.738"></status>
</kw>
<kw name="close browser" library="setup-teardown" type="teardown">
<kw name="Close Browser" library="SeleniumLibrary">
<doc>Closes the current browser.</doc>
<status status="PASS" starttime="20190613 15:40:19.739" endtime="20190613 15:40:22.823"></status>
</kw>
<status status="PASS" starttime="20190613 15:40:19.738" endtime="20190613 15:40:22.824"></status>
</kw>
<tags>
<tag>14</tag>
</tags>
<status status="PASS" starttime="20190613 15:40:08.699" endtime="20190613 15:40:22.824" critical="yes"></status>
</test>
<test id="s1-s1-s1-t2" name="用例3-登录失败-密码为空">
<kw name="open browser" library="setup-teardown" type="setup">
<kw name="Open Browser" library="SeleniumLibrary">
<doc>Opens a new browser instance to the given ``url``.</doc>
<arguments>
<arg>http://120.78.128.25:8765/Index/login.html</arg>
<arg>googlechrome</arg>
</arguments>
<msg timestamp="20190613 15:40:22.828" level="INFO">Opening browser 'googlechrome' to base url 'http://120.78.128.25:8765/Index/login.html'.</msg>
<status status="PASS" starttime="20190613 15:40:22.828" endtime="20190613 15:40:30.885"></status>
</kw>
<kw name="Maximize Browser Window" library="SeleniumLibrary">
<doc>Maximizes current browser window.</doc>
<status status="PASS" starttime="20190613 15:40:30.886" endtime="20190613 15:40:32.060"></status>
</kw>
<status status="PASS" starttime="20190613 15:40:22.827" endtime="20190613 15:40:32.062"></status>
</kw>
<kw name="login" library="login_page">
<arguments>
<arg>${null_data[1]["user"]}</arg>
<arg>${EMPTY}</arg>
</arguments>
<kw name="Wait Until Element Is Visible" library="SeleniumLibrary">
<doc>Waits until element ``locator`` is visible.</doc>
<arguments>
<arg>${name}</arg>
<arg>20</arg>
</arguments>
<status status="PASS" starttime="20190613 15:40:32.066" endtime="20190613 15:40:32.112"></status>
</kw>
<kw name="Input Text" library="SeleniumLibrary">
<doc>Types the given ``text`` into text field identified by ``locator``.</doc>
<arguments>
<arg>${name}</arg>
<arg>${username}</arg>
</arguments>
<msg timestamp="20190613 15:40:32.112" level="INFO">Typing text '18684720553' into text field 'xpath=//input[@name="phone"]'.</msg>
<status status="PASS" starttime="20190613 15:40:32.112" endtime="20190613 15:40:32.238"></status>
</kw>
<kw name="Input Text" library="SeleniumLibrary">
<doc>Types the given ``text`` into text field identified by ``locator``.</doc>
<arguments>
<arg>${pwd}</arg>
<arg>${password}</arg>
</arguments>
<msg timestamp="20190613 15:40:32.239" level="INFO">Typing text '' into text field 'xpath=//input[@name="password"]'.</msg>
<status status="PASS" starttime="20190613 15:40:32.238" endtime="20190613 15:40:32.318"></status>
</kw>
<kw name="Click Button" library="SeleniumLibrary">
<doc>Clicks button identified by ``locator``.</doc>
<arguments>
<arg>${button}</arg>
</arguments>
<msg timestamp="20190613 15:40:32.319" level="INFO">Clicking button 'tag:button'.</msg>
<status status="PASS" starttime="20190613 15:40:32.318" endtime="20190613 15:40:32.399"></status>
</kw>
<status status="PASS" starttime="20190613 15:40:32.063" endtime="20190613 15:40:32.400"></status>
</kw>
<kw name="tabel-message" library="login_page">
<assign>
<var>${result}</var>
</assign>
<kw name="Wait Until Page Contains Element" library="SeleniumLibrary">
<doc>Waits until element ``locator`` appears on current page.</doc>
<arguments>
<arg>${message-table}</arg>
<arg>20</arg>
</arguments>
<status status="PASS" starttime="20190613 15:40:32.401" endtime="20190613 15:40:32.418"></status>
</kw>
<kw name="Get Text" library="SeleniumLibrary">
<doc>Returns the text value of element identified by ``locator``.</doc>
<arguments>
<arg>${message-table}</arg>
</arguments>
<assign>
<var>${text}</var>
</assign>
<msg timestamp="20190613 15:40:32.446" level="INFO">${text} = 请输入密码</msg>
<status status="PASS" starttime="20190613 15:40:32.419" endtime="20190613 15:40:32.446"></status>
</kw>
<msg timestamp="20190613 15:40:32.446" level="INFO">${result} = 请输入密码</msg>
<status status="PASS" starttime="20190613 15:40:32.400" endtime="20190613 15:40:32.447"></status>
</kw>
<kw name="check-result" library="login_page">
<arguments>
<arg>${result}</arg>
<arg>${null_data[1]["excepted"]}</arg>
</arguments>
<kw name="Should Be Equal" library="BuiltIn">
<doc>Fails if the given objects are unequal.</doc>
<arguments>
<arg>${Actual}</arg>
<arg>${excepted}</arg>
</arguments>
<status status="PASS" starttime="20190613 15:40:32.448" endtime="20190613 15:40:32.448"></status>
</kw>
<status status="PASS" starttime="20190613 15:40:32.447" endtime="20190613 15:40:32.449"></status>
</kw>
<kw name="close browser" library="setup-teardown" type="teardown">
<kw name="Close Browser" library="SeleniumLibrary">
<doc>Closes the current browser.</doc>
<status status="PASS" starttime="20190613 15:40:32.450" endtime="20190613 15:40:35.660"></status>
</kw>
<status status="PASS" starttime="20190613 15:40:32.449" endtime="20190613 15:40:35.661"></status>
</kw>
<tags>
<tag>14</tag>
</tags>
<status status="PASS" starttime="20190613 15:40:22.825" endtime="20190613 15:40:35.662" critical="yes"></status>
</test>
<test id="s1-s1-s1-t3" name="用例4-登录失败-密码错误">
<kw name="open browser" library="setup-teardown" type="setup">
<kw name="Open Browser" library="SeleniumLibrary">
<doc>Opens a new browser instance to the given ``url``.</doc>
<arguments>
<arg>http://120.78.128.25:8765/Index/login.html</arg>
<arg>googlechrome</arg>
</arguments>
<msg timestamp="20190613 15:40:35.675" level="INFO">Opening browser 'googlechrome' to base url 'http://120.78.128.25:8765/Index/login.html'.</msg>
<status status="PASS" starttime="20190613 15:40:35.674" endtime="20190613 15:40:43.422"></status>
</kw>
<kw name="Maximize Browser Window" library="SeleniumLibrary">
<doc>Maximizes current browser window.</doc>
<status status="PASS" starttime="20190613 15:40:43.423" endtime="20190613 15:40:44.568"></status>
</kw>
<status status="PASS" starttime="20190613 15:40:35.671" endtime="20190613 15:40:44.568"></status>
</kw>
<kw name="login" library="login_page">
<arguments>
<arg>${exception_data[0]["user"]}</arg>
<arg>${exception_data[0]["password"]}</arg>
</arguments>
<kw name="Wait Until Element Is Visible" library="SeleniumLibrary">
<doc>Waits until element ``locator`` is visible.</doc>
<arguments>
<arg>${name}</arg>
<arg>20</arg>
</arguments>
<status status="PASS" starttime="20190613 15:40:44.570" endtime="20190613 15:40:44.603"></status>
</kw>
<kw name="Input Text" library="SeleniumLibrary">
<doc>Types the given ``text`` into text field identified by ``locator``.</doc>
<arguments>
<arg>${name}</arg>
<arg>${username}</arg>
</arguments>
<msg timestamp="20190613 15:40:44.604" level="INFO">Typing text '18684720553' into text field 'xpath=//input[@name="phone"]'.</msg>
<status status="PASS" starttime="20190613 15:40:44.603" endtime="20190613 15:40:44.747"></status>
</kw>
<kw name="Input Text" library="SeleniumLibrary">
<doc>Types the given ``text`` into text field identified by ``locator``.</doc>
<arguments>
<arg>${pwd}</arg>
<arg>${password}</arg>
</arguments>
<msg timestamp="20190613 15:40:44.749" level="INFO">Typing text '123456' into text field 'xpath=//input[@name="password"]'.</msg>
<status status="PASS" starttime="20190613 15:40:44.748" endtime="20190613 15:40:44.859"></status>
</kw>
<kw name="Click Button" library="SeleniumLibrary">
<doc>Clicks button identified by ``locator``.</doc>
<arguments>
<arg>${button}</arg>
</arguments>
<msg timestamp="20190613 15:40:44.860" level="INFO">Clicking button 'tag:button'.</msg>
<status status="PASS" starttime="20190613 15:40:44.859" endtime="20190613 15:40:44.951"></status>
</kw>
<status status="PASS" starttime="20190613 15:40:44.569" endtime="20190613 15:40:44.952"></status>
</kw>
<kw name="alter-message" library="login_page">
<assign>
<var>${result}</var>
</assign>
<kw name="Wait Until Element Is Visible" library="SeleniumLibrary">
<doc>Waits until element ``locator`` is visible.</doc>
<arguments>
<arg>${message-alter}</arg>
<arg>20</arg>
</arguments>
<status status="PASS" starttime="20190613 15:40:44.953" endtime="20190613 15:40:45.192"></status>
</kw>
<kw name="Get Text" library="SeleniumLibrary">
<doc>Returns the text value of element identified by ``locator``.</doc>
<arguments>
<arg>${message-alter}</arg>
</arguments>
<assign>
<var>${text}</var>
</assign>
<msg timestamp="20190613 15:40:45.221" level="INFO">${text} = 帐号或密码错误!</msg>
<status status="PASS" starttime="20190613 15:40:45.193" endtime="20190613 15:40:45.221"></status>
</kw>
<msg timestamp="20190613 15:40:45.222" level="INFO">${result} = 帐号或密码错误!</msg>
<status status="PASS" starttime="20190613 15:40:44.952" endtime="20190613 15:40:45.222"></status>
</kw>
<kw name="check-result" library="login_page">
<arguments>
<arg>${result}</arg>
<arg>${exception_data[0]["excepted"]}</arg>
</arguments>
<kw name="Should Be Equal" library="BuiltIn">
<doc>Fails if the given objects are unequal.</doc>
<arguments>
<arg>${Actual}</arg>
<arg>${excepted}</arg>
</arguments>
<status status="PASS" starttime="20190613 15:40:45.223" endtime="20190613 15:40:45.224"></status>
</kw>
<status status="PASS" starttime="20190613 15:40:45.223" endtime="20190613 15:40:45.224"></status>
</kw>
<kw name="close browser" library="setup-teardown" type="teardown">
<kw name="Close Browser" library="SeleniumLibrary">
<doc>Closes the current browser.</doc>
<status status="PASS" starttime="20190613 15:40:45.225" endtime="20190613 15:40:48.591"></status>
</kw>
<status status="PASS" starttime="20190613 15:40:45.225" endtime="20190613 15:40:48.593"></status>
</kw>
<tags>
<tag>14</tag>
</tags>
<status status="PASS" starttime="20190613 15:40:35.665" endtime="20190613 15:40:48.594" critical="yes"></status>
</test>
<test id="s1-s1-s1-t4" name="用例5-登录失败-未授权账号">
<kw name="open browser" library="setup-teardown" type="setup">
<kw name="Open Browser" library="SeleniumLibrary">
<doc>Opens a new browser instance to the given ``url``.</doc>
<arguments>
<arg>http://120.78.128.25:8765/Index/login.html</arg>
<arg>googlechrome</arg>
</arguments>
<msg timestamp="20190613 15:40:48.604" level="INFO">Opening browser 'googlechrome' to base url 'http://120.78.128.25:8765/Index/login.html'.</msg>
<status status="PASS" starttime="20190613 15:40:48.603" endtime="20190613 15:40:56.499"></status>
</kw>
<kw name="Maximize Browser Window" library="SeleniumLibrary">
<doc>Maximizes current browser window.</doc>
<status status="PASS" starttime="20190613 15:40:56.500" endtime="20190613 15:40:57.637"></status>
</kw>
<status status="PASS" starttime="20190613 15:40:48.601" endtime="20190613 15:40:57.637"></status>
</kw>
<kw name="login" library="login_page">
<arguments>
<arg>${exception_data[1]["user"]}</arg>
<arg>${exception_data[1]["password"]}</arg>
</arguments>
<kw name="Wait Until Element Is Visible" library="SeleniumLibrary">
<doc>Waits until element ``locator`` is visible.</doc>
<arguments>
<arg>${name}</arg>
<arg>20</arg>
</arguments>
<status status="PASS" starttime="20190613 15:40:57.639" endtime="20190613 15:40:57.673"></status>
</kw>
<kw name="Input Text" library="SeleniumLibrary">
<doc>Types the given ``text`` into text field identified by ``locator``.</doc>
<arguments>
<arg>${name}</arg>
<arg>${username}</arg>
</arguments>
<msg timestamp="20190613 15:40:57.674" level="INFO">Typing text '18684720552' into text field 'xpath=//input[@name="phone"]'.</msg>
<status status="PASS" starttime="20190613 15:40:57.673" endtime="20190613 15:40:57.809"></status>
</kw>
<kw name="Input Text" library="SeleniumLibrary">
<doc>Types the given ``text`` into text field identified by ``locator``.</doc>
<arguments>
<arg>${pwd}</arg>
<arg>${password}</arg>
</arguments>
<msg timestamp="20190613 15:40:57.810" level="INFO">Typing text '123456' into text field 'xpath=//input[@name="password"]'.</msg>
<status status="PASS" starttime="20190613 15:40:57.809" endtime="20190613 15:40:57.932"></status>
</kw>
<kw name="Click Button" library="SeleniumLibrary">
<doc>Clicks button identified by ``locator``.</doc>
<arguments>
<arg>${button}</arg>
</arguments>
<msg timestamp="20190613 15:40:57.933" level="INFO">Clicking button 'tag:button'.</msg>
<status status="PASS" starttime="20190613 15:40:57.933" endtime="20190613 15:40:58.021"></status>
</kw>
<status status="PASS" starttime="20190613 15:40:57.638" endtime="20190613 15:40:58.022"></status>
</kw>
<kw name="alter-message" library="login_page">
<assign>
<var>${result}</var>
</assign>
<kw name="Wait Until Element Is Visible" library="SeleniumLibrary">
<doc>Waits until element ``locator`` is visible.</doc>
<arguments>
<arg>${message-alter}</arg>
<arg>20</arg>
</arguments>
<status status="PASS" starttime="20190613 15:40:58.023" endtime="20190613 15:40:58.266"></status>
</kw>
<kw name="Get Text" library="SeleniumLibrary">
<doc>Returns the text value of element identified by ``locator``.</doc>
<arguments>
<arg>${message-alter}</arg>
</arguments>
<assign>
<var>${text}</var>
</assign>
<msg timestamp="20190613 15:40:58.297" level="INFO">${text} = 此账号没有经过授权，请联系管理员!</msg>
<status status="PASS" starttime="20190613 15:40:58.267" endtime="20190613 15:40:58.297"></status>
</kw>
<msg timestamp="20190613 15:40:58.298" level="INFO">${result} = 此账号没有经过授权，请联系管理员!</msg>
<status status="PASS" starttime="20190613 15:40:58.022" endtime="20190613 15:40:58.298"></status>
</kw>
<kw name="check-result" library="login_page">
<arguments>
<arg>${result}</arg>
<arg>${exception_data[1]["excepted"]}</arg>
</arguments>
<kw name="Should Be Equal" library="BuiltIn">
<doc>Fails if the given objects are unequal.</doc>
<arguments>
<arg>${Actual}</arg>
<arg>${excepted}</arg>
</arguments>
<status status="PASS" starttime="20190613 15:40:58.300" endtime="20190613 15:40:58.300"></status>
</kw>
<status status="PASS" starttime="20190613 15:40:58.299" endtime="20190613 15:40:58.301"></status>
</kw>
<kw name="close browser" library="setup-teardown" type="teardown">
<kw name="Close Browser" library="SeleniumLibrary">
<doc>Closes the current browser.</doc>
<status status="PASS" starttime="20190613 15:40:58.302" endtime="20190613 15:41:01.595"></status>
</kw>
<status status="PASS" starttime="20190613 15:40:58.301" endtime="20190613 15:41:01.597"></status>
</kw>
<tags>
<tag>14</tag>
</tags>
<status status="PASS" starttime="20190613 15:40:48.596" endtime="20190613 15:41:01.598" critical="yes"></status>
</test>
<status status="PASS" starttime="20190613 15:40:08.528" endtime="20190613 15:41:01.601"></status>
</suite>
<status status="PASS" starttime="20190613 15:40:08.525" endtime="20190613 15:41:01.612"></status>
</suite>
<status status="PASS" starttime="20190613 15:40:08.498" endtime="20190613 15:41:01.620"></status>
</suite>
<statistics>
<total>
<stat pass="4" fail="0">Critical Tests</stat>
<stat pass="4" fail="0">All Tests</stat>
</total>
<tag>
<stat pass="4" fail="0">14</stat>
</tag>
<suite>
<stat pass="4" fail="0" id="s1" name="Python Web">Python Web</stat>
<stat pass="4" fail="0" id="s1-s1" name="TestCase">Python Web.TestCase</stat>
<stat pass="4" fail="0" id="s1-s1-s1" name="TestLogin">Python Web.TestCase.TestLogin</stat>
</suite>
</statistics>
<errors>
</errors>
</robot>
