<?xml version="1.0" encoding="UTF-8"?>
<robot generator="Robot 3.1.2 (Python 3.7.3 on win32)" generated="20190614 14:11:39.870" rpa="false">
<suite id="s1" name="Python Web" source="D:\workspace\python_web">
<suite id="s1-s1" name="TestCase" source="D:\workspace\python_web\TestCase">
<suite id="s1-s1-s1" name="TestBidding" source="D:\workspace\python_web\TestCase\TestBidding.robot">
<test id="s1-s1-s1-t1" name="bidding_error">
<kw name="open and login" library="setup-teardown" type="setup">
<kw name="Open Browser" library="SeleniumLibrary">
<doc>Opens a new browser instance to the given ``url``.</doc>
<arguments>
<arg>http://120.78.128.25:8765/Index/login.html</arg>
<arg>googlechrome</arg>
</arguments>
<msg timestamp="20190614 14:11:40.121" level="INFO">Opening browser 'googlechrome' to base url 'http://120.78.128.25:8765/Index/login.html'.</msg>
<status status="PASS" starttime="20190614 14:11:40.120" endtime="20190614 14:11:48.193"></status>
</kw>
<kw name="Maximize Browser Window" library="SeleniumLibrary">
<doc>Maximizes current browser window.</doc>
<status status="PASS" starttime="20190614 14:11:48.194" endtime="20190614 14:11:49.322"></status>
</kw>
<kw name="login" library="login_page">
<arguments>
<arg>18684720553</arg>
<arg>python</arg>
</arguments>
<kw name="Wait Until Element Is Visible" library="SeleniumLibrary">
<doc>Waits until element ``locator`` is visible.</doc>
<arguments>
<arg>${name}</arg>
<arg>20</arg>
</arguments>
<status status="PASS" starttime="20190614 14:11:49.323" endtime="20190614 14:11:49.351"></status>
</kw>
<kw name="Input Text" library="SeleniumLibrary">
<doc>Types the given ``text`` into text field identified by ``locator``.</doc>
<arguments>
<arg>${name}</arg>
<arg>${username}</arg>
</arguments>
<msg timestamp="20190614 14:11:49.351" level="INFO">Typing text '18684720553' into text field 'xpath=//input[@name="phone"]'.</msg>
<status status="PASS" starttime="20190614 14:11:49.351" endtime="20190614 14:11:49.467"></status>
</kw>
<kw name="Input Text" library="SeleniumLibrary">
<doc>Types the given ``text`` into text field identified by ``locator``.</doc>
<arguments>
<arg>${pwd}</arg>
<arg>${password}</arg>
</arguments>
<msg timestamp="20190614 14:11:49.467" level="INFO">Typing text 'python' into text field 'xpath=//input[@name="password"]'.</msg>
<status status="PASS" starttime="20190614 14:11:49.467" endtime="20190614 14:11:49.564"></status>
</kw>
<kw name="Click Button" library="SeleniumLibrary">
<doc>Clicks button identified by ``locator``.</doc>
<arguments>
<arg>${button}</arg>
</arguments>
<msg timestamp="20190614 14:11:49.565" level="INFO">Clicking button 'tag:button'.</msg>
<status status="PASS" starttime="20190614 14:11:49.564" endtime="20190614 14:11:49.640"></status>
</kw>
<status status="PASS" starttime="20190614 14:11:49.322" endtime="20190614 14:11:49.640"></status>
</kw>
<status status="PASS" starttime="20190614 14:11:40.120" endtime="20190614 14:11:49.641"></status>
</kw>
<kw name="select_bidding" library="bidding_page">
<kw name="Wait Until Element Is Visible" library="SeleniumLibrary">
<doc>Waits until element ``locator`` is visible.</doc>
<arguments>
<arg>${bidding}</arg>
</arguments>
<status status="PASS" starttime="20190614 14:11:49.642" endtime="20190614 14:12:11.892"></status>
</kw>
<kw name="Get Element Count" library="SeleniumLibrary">
<doc>Returns number of elements matching ``locator``.</doc>
<arguments>
<arg>${bidding}</arg>
</arguments>
<assign>
<var>${count}</var>
</assign>
<msg timestamp="20190614 14:12:11.909" level="INFO">${count} = 3</msg>
<status status="PASS" starttime="20190614 14:12:11.892" endtime="20190614 14:12:11.910"></status>
</kw>
<kw name="Get WebElements" library="SeleniumLibrary">
<doc>Returns list of WebElement objects matching the ``locator``.</doc>
<arguments>
<arg>${bidding}</arg>
</arguments>
<assign>
<var>${ele}</var>
</assign>
<msg timestamp="20190614 14:12:11.921" level="INFO">${ele} = [&lt;selenium.webdriver.remote.webelement.WebElement (session="22dff1a42837f7d4ce0bb6b9e1b1eca0", element="0.7142398995838546-1")&gt;, &lt;selenium.webdriver.remote.webelement.WebElement (session="22dff1a42837...</msg>
<status status="PASS" starttime="20190614 14:12:11.911" endtime="20190614 14:12:11.922"></status>
</kw>
<kw name="Evaluate" library="BuiltIn">
<doc>Evaluates the given expression in Python and returns the results.</doc>
<arguments>
<arg>random.randint(0,${count}-1)</arg>
<arg>random</arg>
</arguments>
<assign>
<var>${number}</var>
</assign>
<msg timestamp="20190614 14:12:11.923" level="INFO">${number} = 0</msg>
<status status="PASS" starttime="20190614 14:12:11.922" endtime="20190614 14:12:11.923"></status>
</kw>
<kw name="Click Element" library="SeleniumLibrary">
<doc>Click element identified by ``locator``.</doc>
<arguments>
<arg>${ele[${number}]}</arg>
</arguments>
<msg timestamp="20190614 14:12:11.924" level="INFO">Clicking element '&lt;selenium.webdriver.remote.webelement.WebElement (session="22dff1a42837f7d4ce0bb6b9e1b1eca0", element="0.7142398995838546-1")&gt;'.</msg>
<status status="PASS" starttime="20190614 14:12:11.923" endtime="20190614 14:12:34.524"></status>
</kw>
<status status="PASS" starttime="20190614 14:11:49.641" endtime="20190614 14:12:34.526"></status>
</kw>
<kw name="Log" library="BuiltIn">
<doc>Logs the given message with the given level.</doc>
<arguments>
<arg>${error_data[0]["invest"]}</arg>
</arguments>
<msg timestamp="20190614 14:12:34.530" level="INFO">0.1</msg>
<status status="PASS" starttime="20190614 14:12:34.527" endtime="20190614 14:12:34.531"></status>
</kw>
<kw name="bidding_error" library="bidding_page">
<arguments>
<arg>${error_data[0]["invest"]}</arg>
</arguments>
<kw name="Wait Until Element Is Visible" library="SeleniumLibrary">
<doc>Waits until element ``locator`` is visible.</doc>
<arguments>
<arg>${invest}</arg>
</arguments>
<status status="PASS" starttime="20190614 14:12:34.534" endtime="20190614 14:12:34.596"></status>
</kw>
<kw name="Input Text" library="SeleniumLibrary">
<doc>Types the given ``text`` into text field identified by ``locator``.</doc>
<arguments>
<arg>${invest}</arg>
<arg>${amount}</arg>
</arguments>
<msg timestamp="20190614 14:12:34.598" level="INFO">Typing text '0.1' into text field 'xpath=//input[contains(@class,'invest-unit-investinput')]'.</msg>
<status status="PASS" starttime="20190614 14:12:34.597" endtime="20190614 14:12:34.717"></status>
</kw>
<status status="PASS" starttime="20190614 14:12:34.532" endtime="20190614 14:12:34.718"></status>
</kw>
<kw name="get_error_bidding" library="bidding_page">
<assign>
<var>${result}</var>
</assign>
<kw name="Wait Until Element Is Visible" library="SeleniumLibrary">
<doc>Waits until element ``locator`` is visible.</doc>
<arguments>
<arg>${bid_button}</arg>
</arguments>
<status status="PASS" starttime="20190614 14:12:34.719" endtime="20190614 14:12:34.751"></status>
</kw>
<kw name="Get Text" library="SeleniumLibrary">
<doc>Returns the text value of element identified by ``locator``.</doc>
<arguments>
<arg>${bid_button}</arg>
</arguments>
<assign>
<var>${result}</var>
</assign>
<msg timestamp="20190614 14:12:34.778" level="INFO">${result} = 请输入10的整数倍</msg>
<status status="PASS" starttime="20190614 14:12:34.752" endtime="20190614 14:12:34.779"></status>
</kw>
<msg timestamp="20190614 14:12:34.779" level="INFO">${result} = 请输入10的整数倍</msg>
<status status="PASS" starttime="20190614 14:12:34.718" endtime="20190614 14:12:34.779"></status>
</kw>
<kw name="check_relust" library="bidding_page">
<arguments>
<arg>${result}</arg>
<arg>${error_data[0]["excepted"]}</arg>
</arguments>
<kw name="Should Be Equal" library="BuiltIn">
<doc>Fails if the given objects are unequal.</doc>
<arguments>
<arg>${result}</arg>
<arg>${excepted}</arg>
</arguments>
<status status="PASS" starttime="20190614 14:12:34.780" endtime="20190614 14:12:34.781"></status>
</kw>
<status status="PASS" starttime="20190614 14:12:34.780" endtime="20190614 14:12:34.781"></status>
</kw>
<kw name="close browser" library="setup-teardown" type="teardown">
<kw name="Close Browser" library="SeleniumLibrary">
<doc>Closes the current browser.</doc>
<status status="PASS" starttime="20190614 14:12:34.782" endtime="20190614 14:12:37.667"></status>
</kw>
<status status="PASS" starttime="20190614 14:12:34.782" endtime="20190614 14:12:37.668"></status>
</kw>
<status status="PASS" starttime="20190614 14:11:40.119" endtime="20190614 14:12:37.669" critical="yes"></status>
</test>
<status status="PASS" starttime="20190614 14:11:39.935" endtime="20190614 14:12:37.672"></status>
</suite>
<status status="PASS" starttime="20190614 14:11:39.933" endtime="20190614 14:12:37.679"></status>
</suite>
<status status="PASS" starttime="20190614 14:11:39.908" endtime="20190614 14:12:37.683"></status>
</suite>
<statistics>
<total>
<stat pass="1" fail="0">Critical Tests</stat>
<stat pass="1" fail="0">All Tests</stat>
</total>
<tag>
</tag>
<suite>
<stat pass="1" fail="0" id="s1" name="Python Web">Python Web</stat>
<stat pass="1" fail="0" id="s1-s1" name="TestCase">Python Web.TestCase</stat>
<stat pass="1" fail="0" id="s1-s1-s1" name="TestBidding">Python Web.TestCase.TestBidding</stat>
</suite>
</statistics>
<errors>
</errors>
</robot>
